2018-07-28 21:23:19 INFO  TestBase:58 - Starting tests on chrome browser.
2018-07-28 21:23:25 INFO  TestBase:111 - Driver initialization completed.
2018-07-28 21:23:25 INFO  MainPage:29 - Verifying Main Page Elements.
2018-07-28 21:23:25 INFO  ReusableFunctions:60 - [[ChromeDriver: chrome on XP (b5302fd7703667785b0de3b736ae3192)] -> xpath: //input[@id='user-message']]: element is displayed.
2018-07-28 21:23:25 INFO  ReusableFunctions:60 - [[ChromeDriver: chrome on XP (b5302fd7703667785b0de3b736ae3192)] -> xpath: //button[text()='Show Message']]: element is displayed.
2018-07-28 21:23:25 INFO  ReusableFunctions:60 - [[ChromeDriver: chrome on XP (b5302fd7703667785b0de3b736ae3192)] -> xpath: //input[@id='sum1']]: element is displayed.
2018-07-28 21:23:25 INFO  ReusableFunctions:60 - [[ChromeDriver: chrome on XP (b5302fd7703667785b0de3b736ae3192)] -> xpath: //input[@id='sum2']]: element is displayed.
2018-07-28 21:23:25 INFO  ReusableFunctions:60 - [[ChromeDriver: chrome on XP (b5302fd7703667785b0de3b736ae3192)] -> xpath: //button[text()='Get Total']]: element is displayed.
2018-07-28 21:23:25 INFO  MainPage:39 - All Main Page Elements Displayed.
2018-07-28 21:23:26 INFO  TestBase:58 - Starting tests on chrome browser.
2018-07-28 21:23:30 INFO  TestBase:111 - Driver initialization completed.
2018-07-28 21:23:30 INFO  MainPage:56 - Verifying Valid User Input.
2018-07-28 21:23:30 INFO  ReusableFunctions:158 - Actual Text From Application Web UI --> :: Welcome Selenium Learner
2018-07-28 21:23:30 INFO  ReusableFunctions:159 - Expected Text From Application Web UI --> :: Welcome Selenium Learner
2018-07-28 21:23:30 INFO  ReusableFunctions:162 - ### VERIFICATION TEXT MATCHED !!!
2018-07-28 21:23:31 INFO  TestBase:58 - Starting tests on chrome browser.
2018-07-28 21:23:38 INFO  TestBase:111 - Driver initialization completed.
2018-07-28 21:23:38 INFO  MainPage:76 - Verifying Addition Functionality.
2018-07-28 21:23:38 INFO  ReusableFunctions:158 - Actual Text From Application Web UI --> :: 15
2018-07-28 21:23:38 INFO  ReusableFunctions:159 - Expected Text From Application Web UI --> :: 15
2018-07-28 21:23:38 INFO  ReusableFunctions:162 - ### VERIFICATION TEXT MATCHED !!!
2018-07-28 21:23:38 INFO  TestBase:58 - Starting tests on chrome browser.
2018-07-28 21:23:45 INFO  TestBase:111 - Driver initialization completed.
2018-07-28 21:23:45 INFO  MainPage:76 - Verifying Addition Functionality.
2018-07-28 21:23:45 INFO  ReusableFunctions:158 - Actual Text From Application Web UI --> :: 11
2018-07-28 21:23:45 INFO  ReusableFunctions:159 - Expected Text From Application Web UI --> :: 12
2018-07-28 21:23:45 ERROR ReusableFunctions:165 - ### VERIFICATION TEXT DOES NOT MATCHED !!!
2018-07-28 21:23:45 INFO  ReusableFunctions:146 - Saving screenshot to failed repo: C:\Users\abhilash.sharma\Desktop\Github Pages\SeleniumJavaHybridFramework\Screenshots\SonetelTestScreen20180728092345.png
