2018-07-28 21:24:37 INFO  TestBase:58 - Starting tests on chrome browser.
2018-07-28 21:24:46 INFO  TestBase:111 - Driver initialization completed.
2018-07-28 21:24:46 INFO  MainPage:29 - Verifying Main Page Elements.
2018-07-28 21:24:46 INFO  ReusableFunctions:60 - [[ChromeDriver: chrome on XP (0f4a72091df58a29a68f1f6ef70f0f9a)] -> xpath: //input[@id='user-message']]: element is displayed.
2018-07-28 21:24:46 INFO  ReusableFunctions:60 - [[ChromeDriver: chrome on XP (0f4a72091df58a29a68f1f6ef70f0f9a)] -> xpath: //button[text()='Show Message']]: element is displayed.
2018-07-28 21:24:46 INFO  ReusableFunctions:60 - [[ChromeDriver: chrome on XP (0f4a72091df58a29a68f1f6ef70f0f9a)] -> xpath: //input[@id='sum1']]: element is displayed.
2018-07-28 21:24:46 INFO  ReusableFunctions:60 - [[ChromeDriver: chrome on XP (0f4a72091df58a29a68f1f6ef70f0f9a)] -> xpath: //input[@id='sum2']]: element is displayed.
2018-07-28 21:24:46 INFO  ReusableFunctions:60 - [[ChromeDriver: chrome on XP (0f4a72091df58a29a68f1f6ef70f0f9a)] -> xpath: //button[text()='Get Total']]: element is displayed.
2018-07-28 21:24:46 INFO  MainPage:39 - All Main Page Elements Displayed.
2018-07-28 21:24:46 INFO  TestBase:58 - Starting tests on chrome browser.
2018-07-28 21:24:51 INFO  TestBase:111 - Driver initialization completed.
2018-07-28 21:24:51 INFO  MainPage:56 - Verifying Valid User Input.
2018-07-28 21:24:51 INFO  ReusableFunctions:158 - Actual Text From Application Web UI --> :: Welcome Selenium Learner
2018-07-28 21:24:51 INFO  ReusableFunctions:159 - Expected Text From Application Web UI --> :: Welcome Selenium Learner
2018-07-28 21:24:51 INFO  ReusableFunctions:162 - ### VERIFICATION TEXT MATCHED !!!
2018-07-28 21:24:52 INFO  TestBase:58 - Starting tests on chrome browser.
2018-07-28 21:24:57 INFO  TestBase:111 - Driver initialization completed.
2018-07-28 21:24:57 INFO  MainPage:76 - Verifying Addition Functionality.
2018-07-28 21:24:58 INFO  ReusableFunctions:158 - Actual Text From Application Web UI --> :: 15
2018-07-28 21:24:58 INFO  ReusableFunctions:159 - Expected Text From Application Web UI --> :: 15
2018-07-28 21:24:58 INFO  ReusableFunctions:162 - ### VERIFICATION TEXT MATCHED !!!
2018-07-28 21:24:58 INFO  TestBase:58 - Starting tests on chrome browser.
2018-07-28 21:25:03 INFO  TestBase:111 - Driver initialization completed.
2018-07-28 21:25:03 INFO  MainPage:76 - Verifying Addition Functionality.
2018-07-28 21:25:04 INFO  ReusableFunctions:158 - Actual Text From Application Web UI --> :: 11
2018-07-28 21:25:04 INFO  ReusableFunctions:159 - Expected Text From Application Web UI --> :: 12
2018-07-28 21:25:04 ERROR ReusableFunctions:165 - ### VERIFICATION TEXT DOES NOT MATCHED !!!
2018-07-28 21:25:04 INFO  ReusableFunctions:146 - Saving screenshot to failed repo: C:\Users\abhilash.sharma\Desktop\Github Pages\SeleniumJavaHybridFramework\Screenshots\SonetelTestScreen20180728092504.png
