2018-07-30 22:36:58 INFO  TestBase:58 - Starting tests on chrome browser.
2018-07-30 22:37:03 INFO  TestBase:111 - Driver initialization completed.
2018-07-30 22:37:03 INFO  MainPage:29 - Verifying Main Page Elements.
2018-07-30 22:37:04 INFO  ReusableFunctions:60 - [[ChromeDriver: chrome on XP (81630de5988a0ebf92350a3e45b7f236)] -> xpath: //input[@id='user-message']]: element is displayed.
2018-07-30 22:37:04 INFO  ReusableFunctions:60 - [[ChromeDriver: chrome on XP (81630de5988a0ebf92350a3e45b7f236)] -> xpath: //button[text()='Show Message']]: element is displayed.
2018-07-30 22:37:04 INFO  ReusableFunctions:60 - [[ChromeDriver: chrome on XP (81630de5988a0ebf92350a3e45b7f236)] -> xpath: //input[@id='sum1']]: element is displayed.
2018-07-30 22:37:04 INFO  ReusableFunctions:60 - [[ChromeDriver: chrome on XP (81630de5988a0ebf92350a3e45b7f236)] -> xpath: //input[@id='sum2']]: element is displayed.
2018-07-30 22:37:04 INFO  ReusableFunctions:60 - [[ChromeDriver: chrome on XP (81630de5988a0ebf92350a3e45b7f236)] -> xpath: //button[text()='Get Total']]: element is displayed.
2018-07-30 22:37:04 INFO  MainPage:39 - All Main Page Elements Displayed.
2018-07-30 22:37:04 INFO  TestBase:58 - Starting tests on chrome browser.
2018-07-30 22:37:09 INFO  TestBase:111 - Driver initialization completed.
2018-07-30 22:37:09 INFO  MainPage:56 - Verifying Valid User Input.
2018-07-30 22:37:09 INFO  ReusableFunctions:158 - Actual Text From Application Web UI --> :: Welcome Selenium Learner
2018-07-30 22:37:09 INFO  ReusableFunctions:159 - Expected Text From Application Web UI --> :: Welcome Selenium Learner
2018-07-30 22:37:09 INFO  ReusableFunctions:162 - ### VERIFICATION TEXT MATCHED !!!
2018-07-30 22:37:09 INFO  TestBase:58 - Starting tests on chrome browser.
2018-07-30 22:37:14 INFO  TestBase:111 - Driver initialization completed.
2018-07-30 22:37:14 INFO  MainPage:73 - Verifying Addition Functionality.
2018-07-30 22:37:15 INFO  ReusableFunctions:158 - Actual Text From Application Web UI --> :: 15
2018-07-30 22:37:15 INFO  ReusableFunctions:159 - Expected Text From Application Web UI --> :: 15
2018-07-30 22:37:15 INFO  ReusableFunctions:162 - ### VERIFICATION TEXT MATCHED !!!
2018-07-30 22:37:15 INFO  TestBase:58 - Starting tests on chrome browser.
2018-07-30 22:37:20 INFO  TestBase:111 - Driver initialization completed.
2018-07-30 22:37:20 INFO  MainPage:73 - Verifying Addition Functionality.
2018-07-30 22:37:21 INFO  ReusableFunctions:158 - Actual Text From Application Web UI --> :: 11
2018-07-30 22:37:21 INFO  ReusableFunctions:159 - Expected Text From Application Web UI --> :: 12
2018-07-30 22:37:21 ERROR ReusableFunctions:165 - ### VERIFICATION TEXT DOES NOT MATCHED !!!
2018-07-30 22:37:21 INFO  ReusableFunctions:146 - Saving screenshot to failed repo: C:\Users\abhilash.sharma\Desktop\Github Pages\SeleniumJavaHybridFramework\Screenshots\SeleniumTestScreen20180730103721.png
